                                      1 ;--------------------------------------------------------
                                      2 ; File Created by SDCC : free open source ANSI-C Compiler
                                      3 ; Version 4.1.0 #12072 (MINGW32)
                                      4 ;--------------------------------------------------------
                                      5 	.module savestate
                                      6 	.optsdcc -mgbz80
                                      7 	
                                      8 ;--------------------------------------------------------
                                      9 ; Public variables in this module
                                     10 ;--------------------------------------------------------
                                     11 	.globl b_some_4
                                     12 	.globl _some_4
                                     13 	.globl _printf
                                     14 	.globl _big_const_4
                                     15 	.globl _save_var
                                     16 	.globl _some_const_var_4
                                     17 	.globl ___bank_savestate
                                     18 ;--------------------------------------------------------
                                     19 ; special function registers
                                     20 ;--------------------------------------------------------
                                     21 ;--------------------------------------------------------
                                     22 ; ram data
                                     23 ;--------------------------------------------------------
                                     24 	.area _DATA_0
      000000                         25 _save_var::
      000000                         26 	.ds 1
      000001                         27 _big_const_4::
      000001                         28 	.ds 16
                                     29 ;--------------------------------------------------------
                                     30 ; absolute external ram data
                                     31 ;--------------------------------------------------------
                                     32 	.area _DABS (ABS)
                                     33 ;--------------------------------------------------------
                                     34 ; global & static initialisations
                                     35 ;--------------------------------------------------------
                                     36 	.area _HOME
                                     37 	.area _GSINIT
                                     38 	.area _GSFINAL
                                     39 	.area _GSINIT
                                     40 ;res\savestate.c:20: unsigned char big_const_4[] = {
      000000 21r01r00                41 	ld	hl, #_big_const_4
      000003 36 01                   42 	ld	(hl), #0x01
      000005 21r02r00                43 	ld	hl, #(_big_const_4 + 0x0001)
      000008 36 01                   44 	ld	(hl), #0x01
      00000A 21r03r00                45 	ld	hl, #(_big_const_4 + 0x0002)
      00000D 36 01                   46 	ld	(hl), #0x01
      00000F 21r04r00                47 	ld	hl, #(_big_const_4 + 0x0003)
      000012 36 01                   48 	ld	(hl), #0x01
      000014 21r05r00                49 	ld	hl, #(_big_const_4 + 0x0004)
      000017 36 01                   50 	ld	(hl), #0x01
      000019 21r06r00                51 	ld	hl, #(_big_const_4 + 0x0005)
      00001C 36 01                   52 	ld	(hl), #0x01
      00001E 21r07r00                53 	ld	hl, #(_big_const_4 + 0x0006)
      000021 36 01                   54 	ld	(hl), #0x01
      000023 21r08r00                55 	ld	hl, #(_big_const_4 + 0x0007)
      000026 36 01                   56 	ld	(hl), #0x01
      000028 21r09r00                57 	ld	hl, #(_big_const_4 + 0x0008)
      00002B 36 01                   58 	ld	(hl), #0x01
      00002D 21r0Ar00                59 	ld	hl, #(_big_const_4 + 0x0009)
      000030 36 01                   60 	ld	(hl), #0x01
      000032 21r0Br00                61 	ld	hl, #(_big_const_4 + 0x000a)
      000035 36 01                   62 	ld	(hl), #0x01
      000037 21r0Cr00                63 	ld	hl, #(_big_const_4 + 0x000b)
      00003A 36 01                   64 	ld	(hl), #0x01
      00003C 21r0Dr00                65 	ld	hl, #(_big_const_4 + 0x000c)
      00003F 36 01                   66 	ld	(hl), #0x01
      000041 21r0Er00                67 	ld	hl, #(_big_const_4 + 0x000d)
      000044 36 01                   68 	ld	(hl), #0x01
      000046 21r0Fr00                69 	ld	hl, #(_big_const_4 + 0x000e)
      000049 36 01                   70 	ld	(hl), #0x01
      00004B 21r10r00                71 	ld	hl, #(_big_const_4 + 0x000f)
      00004E 36 01                   72 	ld	(hl), #0x01
                                     73 ;--------------------------------------------------------
                                     74 ; Home
                                     75 ;--------------------------------------------------------
                                     76 	.area _HOME
                                     77 	.area _HOME
                                     78 ;--------------------------------------------------------
                                     79 ; code
                                     80 ;--------------------------------------------------------
                                     81 	.area _CODE_2
                                     82 ;res\savestate.c:13: void some_4() BANKED
                                     83 ;	---------------------------------
                                     84 ; Function some_4
                                     85 ; ---------------------------------
                           000002    86 	b_some_4	= 2
      000000                         87 _some_4::
                                     88 ;res\savestate.c:16: " is in ROM bank %u\n", _current_bank);
      000000 F0r00                   89 	ldh	a, (__current_bank+0)
      000002 4F                      90 	ld	c, a
      000003 06 00                   91 	ld	b, #0x00
      000005 C5                      92 	push	bc
      000006 21r11r00                93 	ld	hl, #___str_0
      000009 E5                      94 	push	hl
      00000A CDr00r00                95 	call	_printf
      00000D E8 04                   96 	add	sp, #4
                                     97 ;res\savestate.c:17: }
      00000F C9                      98 	ret
                           000002    99 ___bank_savestate	=	0x0002
      000010                        100 _some_const_var_4:
      000010 04                     101 	.db #0x04	; 4
      000011                        102 ___str_0:
      000011 46 75 6E 63 34 20 6E   103 	.ascii "Func4 not autobanked is in ROM bank %u"
             6F 74 20 61 75 74 6F
             62 61 6E 6B 65 64 20
             69 73 20 69 6E 20 52
             4F 4D 20 62 61 6E 6B
             20 25 75
      000037 0A                     104 	.db 0x0a
      000038 00                     105 	.db 0x00
                                    106 	.area _CODE_2
                                    107 	.area _CABS (ABS)
